<?xml version="1.0" encoding="UTF-8" ?>
<testsuite tests="6" failures="0" name="TestSuite" time="0.023" errors="0" skipped="0">
  <properties>
    <property name="java.runtime.name" value="Java(TM) SE Runtime Environment"/>
    <property name="java.vm.version" value="9.0.1+11"/>
    <property name="sun.boot.library.path" value="C:\Program Files\Java\jdk-9.0.1\bin"/>
    <property name="maven.multiModuleProjectDirectory" value="D:\newproject\MavenNew"/>
    <property name="java.vm.vendor" value="Oracle Corporation"/>
    <property name="java.vendor.url" value="http://java.oracle.com/"/>
    <property name="guice.disable.misplaced.annotation.check" value="true"/>
    <property name="path.separator" value=";"/>
    <property name="java.vm.name" value="Java HotSpot(TM) 64-Bit Server VM"/>
    <property name="file.encoding.pkg" value="sun.io"/>
    <property name="sun.os.patch.level" value="Service Pack 1"/>
    <property name="user.script" value=""/>
    <property name="user.country" value="IN"/>
    <property name="sun.java.launcher" value="SUN_STANDARD"/>
    <property name="java.vm.specification.name" value="Java Virtual Machine Specification"/>
    <property name="user.dir" value="D:\newproject\MavenNew"/>
    <property name="java.vm.compressedOopsMode" value="32-bit"/>
    <property name="java.runtime.version" value="9.0.1+11"/>
    <property name="java.awt.graphicsenv" value="sun.awt.Win32GraphicsEnvironment"/>
    <property name="os.arch" value="amd64"/>
    <property name="java.io.tmpdir" value="C:\Users\ADMINI~1\AppData\Local\Temp\"/>
    <property name="line.separator" value="
"/>
    <property name="java.vm.specification.vendor" value="Oracle Corporation"/>
    <property name="user.variant" value=""/>
    <property name="os.name" value="Windows 7"/>
    <property name="classworlds.conf" value="C:\apache-maven-3.6.3-bin\apache-maven-3.6.3\bin\..\bin\m2.conf"/>
    <property name="sun.jnu.encoding" value="Cp1252"/>
    <property name="java.library.path" value="C:\Program Files\Java\jdk-9.0.1\bin;C:\Windows\Sun\Java\bin;C:\Windows\system32;C:\Windows;C:\Program Files\Java\jdk-9.0.1\bin;C:\apache-maven-3.6.3-bin\apache-maven-3.6.3\bin;."/>
    <property name="maven.conf" value="C:\apache-maven-3.6.3-bin\apache-maven-3.6.3\bin\../conf"/>
    <property name="jdk.debug" value="release"/>
    <property name="java.class.version" value="53.0"/>
    <property name="java.specification.name" value="Java Platform API Specification"/>
    <property name="sun.management.compiler" value="HotSpot 64-Bit Tiered Compilers"/>
    <property name="os.version" value="6.1"/>
    <property name="library.jansi.path" value="C:\apache-maven-3.6.3-bin\apache-maven-3.6.3\bin\..\lib\jansi-native"/>
    <property name="user.home" value="C:\Users\Administrator"/>
    <property name="user.timezone" value="Asia/Calcutta"/>
    <property name="java.awt.printerjob" value="sun.awt.windows.WPrinterJob"/>
    <property name="file.encoding" value="Cp1252"/>
    <property name="java.specification.version" value="9"/>
    <property name="user.name" value="Administrator"/>
    <property name="java.class.path" value="C:\apache-maven-3.6.3-bin\apache-maven-3.6.3\bin\..\boot\plexus-classworlds-2.6.0.jar"/>
    <property name="java.vm.specification.version" value="9"/>
    <property name="sun.arch.data.model" value="64"/>
    <property name="sun.java.command" value="org.codehaus.plexus.classworlds.launcher.Launcher test -PSomke"/>
    <property name="java.home" value="C:\Program Files\Java\jdk-9.0.1"/>
    <property name="user.language" value="en"/>
    <property name="java.specification.vendor" value="Oracle Corporation"/>
    <property name="awt.toolkit" value="sun.awt.windows.WToolkit"/>
    <property name="java.vm.info" value="mixed mode"/>
    <property name="java.version" value="9.0.1"/>
    <property name="java.vendor" value="Oracle Corporation"/>
    <property name="sun.stderr.encoding" value="cp437"/>
    <property name="maven.home" value="C:\apache-maven-3.6.3-bin\apache-maven-3.6.3\bin\.."/>
    <property name="file.separator" value="\"/>
    <property name="java.vendor.url.bug" value="http://bugreport.java.com/bugreport/"/>
    <property name="sun.io.unicode.encoding" value="UnicodeLittle"/>
    <property name="sun.cpu.endian" value="little"/>
    <property name="sun.stdout.encoding" value="cp437"/>
    <property name="sun.desktop" value="windows"/>
    <property name="sun.cpu.isalist" value="amd64"/>
  </properties>
  <testcase classname="Beginmaven.AppiumTest" name="android" time="0.011"/>
  <testcase classname="Beginmaven.AppiumTest" name="ios" time="0.001"/>
  <testcase classname="Beginmaven.RestAPITest" name="deletetwitter" time="0.011"/>
  <testcase classname="Beginmaven.RestAPITest" name="postjira" time="0"/>
  <testcase classname="Beginmaven.SeleniumTest" name="browserautomation" time="0"/>
  <testcase classname="Beginmaven.SeleniumTest" name="elementsui" time="0"/>
</testsuite>