<?xml version="1.0" encoding="UTF-8"?>
<!-- Generated by org.testng.reporters.JUnitReportReporter -->
<testsuite skipped="0" hostname="LAPTOP-M6F29H3O" name="Beginmaven.SeleniumTest" tests="2" failures="0" timestamp="04 Jul 2020 05:36:12 GMT" time="0.005" errors="0">
  <testcase name="browserautomation" time="0.002" classname="Beginmaven.SeleniumTest"/>
  <testcase name="elementsui" time="0.003" classname="Beginmaven.SeleniumTest"/>
</testsuite> <!-- Beginmaven.SeleniumTest -->
