<?xml version="1.0" encoding="UTF-8"?>
<!-- Generated by org.testng.reporters.JUnitReportReporter -->
<testsuite skipped="0" hostname="LAPTOP-M6F29H3O" name="Beginmaven.AppiumTet" tests="2" failures="0" timestamp="04 Jul 2020 05:36:12 GMT" time="0.004" errors="0">
  <testcase name="android" time="0.002" classname="Beginmaven.AppiumTet"/>
  <testcase name="ios" time="0.002" classname="Beginmaven.AppiumTet"/>
</testsuite> <!-- Beginmaven.AppiumTet -->
