<?xml version="1.0" encoding="UTF-8"?>
<!-- Generated by org.testng.reporters.JUnitReportReporter -->
<testsuite skipped="0" hostname="LAPTOP-M6F29H3O" name="Beginmaven.RestAPITest" tests="2" failures="0" timestamp="04 Jul 2020 05:36:12 GMT" time="0.032" errors="0">
  <testcase name="deletetwitter" time="0.029" classname="Beginmaven.RestAPITest"/>
  <testcase name="postjira" time="0.003" classname="Beginmaven.RestAPITest"/>
</testsuite> <!-- Beginmaven.RestAPITest -->
