<?xml version="1.0" encoding="UTF-8"?>
<!-- Generated by org.testng.reporters.JUnitReportReporter -->
<testsuite hostname="COMP-PC" failures="0" tests="2" name="Beginmaven.AppiumTest" time="0.006" errors="0" timestamp="2020-11-20T11:07:49 IST" skipped="0">
  <testcase classname="Beginmaven.AppiumTest" name="ios" time="0.001"/>
  <system-out/>
  <testcase classname="Beginmaven.AppiumTest" name="android" time="0.005"/>
  <system-out/>
</testsuite> <!-- Beginmaven.AppiumTest -->
