<?xml version="1.0" encoding="UTF-8"?>
<!-- Generated by org.testng.reporters.JUnitReportReporter -->
<testsuite hostname="COMP-PC" failures="0" tests="2" name="Beginmaven.AppiumTet" time="0.001" errors="0" timestamp="2020-11-20T09:36:37 IST" skipped="0">
  <testcase classname="Beginmaven.AppiumTet" name="ios" time="0.000"/>
  <system-out/>
  <testcase classname="Beginmaven.AppiumTet" name="android" time="0.001"/>
  <system-out/>
</testsuite> <!-- Beginmaven.AppiumTet -->
