<?xml version="1.0" encoding="UTF-8"?>
<!-- Generated by org.testng.reporters.JUnitReportReporter -->
<testsuite hostname="COMP-PC" failures="0" tests="2" name="Beginmaven.RestAPITest" time="0.000" errors="0" timestamp="2020-11-20T11:07:49 IST" skipped="0">
  <testcase classname="Beginmaven.RestAPITest" name="postjira" time="0.000"/>
  <system-out/>
  <testcase classname="Beginmaven.RestAPITest" name="deletetwitter" time="0.000"/>
  <system-out/>
</testsuite> <!-- Beginmaven.RestAPITest -->
